<?xml version="1.0" encoding="UTF-8"?>
<testng-results ignored="0" total="1" passed="1" failed="0" skipped="0">
  <reporter-output>
  </reporter-output>
  <suite started-at="2024-11-23T19:57:56 IST" name="Default suite" finished-at="2024-11-23T20:00:28 IST" duration-ms="152404">
    <groups>
    </groups>
    <test started-at="2024-11-23T19:57:56 IST" name="Default test" finished-at="2024-11-23T20:00:28 IST" duration-ms="152404">
      <class name="Assignment.Fitpeo_TestCase">
        <test-method is-config="true" signature="beforeClass()[pri:0, instance:Assignment.Fitpeo_TestCase@7770f470]" started-at="2024-11-23T19:57:56 IST" name="beforeClass" finished-at="2024-11-23T19:58:03 IST" duration-ms="7581" status="PASS">
          <reporter-output>
          </reporter-output>
        </test-method> <!-- beforeClass -->
        <test-method signature="test()[pri:0, instance:Assignment.Fitpeo_TestCase@7770f470]" started-at="2024-11-23T19:58:03 IST" name="test" finished-at="2024-11-23T20:00:27 IST" duration-ms="143331" status="PASS">
          <reporter-output>
          </reporter-output>
        </test-method> <!-- test -->
        <test-method is-config="true" signature="afterClass()[pri:0, instance:Assignment.Fitpeo_TestCase@7770f470]" started-at="2024-11-23T20:00:27 IST" name="afterClass" finished-at="2024-11-23T20:00:28 IST" duration-ms="1372" status="PASS">
          <reporter-output>
          </reporter-output>
        </test-method> <!-- afterClass -->
      </class> <!-- Assignment.Fitpeo_TestCase -->
    </test> <!-- Default test -->
  </suite> <!-- Default suite -->
</testng-results>
